<?xml version="1.0" encoding="UTF-8"?>
<!-- Generated by org.testng.reporters.JUnitReportReporter -->
<testsuite hostname="DESKTOP-0QIDVL8" failures="0" tests="1" name="com.google.page.GoogleSearchPage" time="8.270" errors="0" timestamp="2022-08-28T20:35:31 IST" skipped="0">
  <testcase classname="com.google.page.GoogleSearchPage" name="search" time="8.270"/>
  <system-out/>
</testsuite> <!-- com.google.page.GoogleSearchPage -->
